<?xml version="1.0" encoding="UTF-8"?>
<testsuite xmlns:xsi="http://www.w3.org/2001/XMLSchema-instance" xsi:noNamespaceSchemaLocation="https://maven.apache.org/surefire/maven-surefire-plugin/xsd/surefire-test-report.xsd" name="test.example.AppTest" time="0.046" tests="1" errors="0" skipped="0" failures="0">
  <properties>
    <property name="java.specification.version" value="19"/>
    <property name="sun.cpu.isalist" value="amd64"/>
    <property name="sun.jnu.encoding" value="Cp1252"/>
    <property name="java.class.path" value="C:\Users\june.wu\Desktop\cameltest\exampleDB\example\target\test-classes;C:\Users\june.wu\Desktop\cameltest\exampleDB\example\target\classes;C:\Users\june.wu\.m2\repository\org\slf4j\slf4j-api\2.0.3\slf4j-api-2.0.3.jar;C:\Users\june.wu\.m2\repository\ch\qos\reload4j\reload4j\1.2.22\reload4j-1.2.22.jar;C:\Users\june.wu\.m2\repository\org\apache\camel\camel-core\3.18.1\camel-core-3.18.1.jar;C:\Users\june.wu\.m2\repository\org\apache\camel\camel-core-engine\3.18.1\camel-core-engine-3.18.1.jar;C:\Users\june.wu\.m2\repository\org\apache\camel\camel-api\3.18.1\camel-api-3.18.1.jar;C:\Users\june.wu\.m2\repository\org\apache\camel\camel-base-engine\3.18.1\camel-base-engine-3.18.1.jar;C:\Users\june.wu\.m2\repository\org\apache\camel\camel-base\3.18.1\camel-base-3.18.1.jar;C:\Users\june.wu\.m2\repository\org\apache\camel\camel-core-reifier\3.18.1\camel-core-reifier-3.18.1.jar;C:\Users\june.wu\.m2\repository\org\apache\camel\camel-core-processor\3.18.1\camel-core-processor-3.18.1.jar;C:\Users\june.wu\.m2\repository\org\apache\camel\camel-management-api\3.18.1\camel-management-api-3.18.1.jar;C:\Users\june.wu\.m2\repository\org\apache\camel\camel-util\3.18.1\camel-util-3.18.1.jar;C:\Users\june.wu\.m2\repository\org\apache\camel\camel-core-languages\3.18.1\camel-core-languages-3.18.1.jar;C:\Users\june.wu\.m2\repository\org\apache\camel\camel-core-model\3.18.1\camel-core-model-3.18.1.jar;C:\Users\june.wu\.m2\repository\org\apache\camel\camel-bean\3.18.1\camel-bean-3.18.1.jar;C:\Users\june.wu\.m2\repository\org\apache\camel\camel-browse\3.18.1\camel-browse-3.18.1.jar;C:\Users\june.wu\.m2\repository\org\apache\camel\camel-cluster\3.18.1\camel-cluster-3.18.1.jar;C:\Users\june.wu\.m2\repository\org\apache\camel\camel-controlbus\3.18.1\camel-controlbus-3.18.1.jar;C:\Users\june.wu\.m2\repository\org\apache\camel\camel-dataformat\3.18.1\camel-dataformat-3.18.1.jar;C:\Users\june.wu\.m2\repository\org\apache\camel\camel-dataset\3.18.1\camel-dataset-3.18.1.jar;C:\Users\june.wu\.m2\repository\org\apache\camel\camel-direct\3.18.1\camel-direct-3.18.1.jar;C:\Users\june.wu\.m2\repository\org\apache\camel\camel-directvm\3.18.1\camel-directvm-3.18.1.jar;C:\Users\june.wu\.m2\repository\org\apache\camel\camel-file\3.18.1\camel-file-3.18.1.jar;C:\Users\june.wu\.m2\repository\org\apache\camel\camel-health\3.18.1\camel-health-3.18.1.jar;C:\Users\june.wu\.m2\repository\org\apache\camel\camel-language\3.18.1\camel-language-3.18.1.jar;C:\Users\june.wu\.m2\repository\org\apache\camel\camel-log\3.18.1\camel-log-3.18.1.jar;C:\Users\june.wu\.m2\repository\org\apache\camel\camel-mock\3.18.1\camel-mock-3.18.1.jar;C:\Users\june.wu\.m2\repository\org\apache\camel\camel-ref\3.18.1\camel-ref-3.18.1.jar;C:\Users\june.wu\.m2\repository\org\apache\camel\camel-rest\3.18.1\camel-rest-3.18.1.jar;C:\Users\june.wu\.m2\repository\org\apache\camel\camel-tooling-model\3.18.1\camel-tooling-model-3.18.1.jar;C:\Users\june.wu\.m2\repository\org\apache\camel\camel-util-json\3.18.1\camel-util-json-3.18.1.jar;C:\Users\june.wu\.m2\repository\org\apache\camel\camel-saga\3.18.1\camel-saga-3.18.1.jar;C:\Users\june.wu\.m2\repository\org\apache\camel\camel-scheduler\3.18.1\camel-scheduler-3.18.1.jar;C:\Users\june.wu\.m2\repository\org\apache\camel\camel-seda\3.18.1\camel-seda-3.18.1.jar;C:\Users\june.wu\.m2\repository\org\apache\camel\camel-stub\3.18.1\camel-stub-3.18.1.jar;C:\Users\june.wu\.m2\repository\org\apache\camel\camel-timer\3.18.1\camel-timer-3.18.1.jar;C:\Users\june.wu\.m2\repository\org\apache\camel\camel-validator\3.18.1\camel-validator-3.18.1.jar;C:\Users\june.wu\.m2\repository\org\apache\camel\camel-vm\3.18.1\camel-vm-3.18.1.jar;C:\Users\june.wu\.m2\repository\org\apache\camel\camel-xpath\3.18.1\camel-xpath-3.18.1.jar;C:\Users\june.wu\.m2\repository\org\apache\camel\camel-xslt\3.18.1\camel-xslt-3.18.1.jar;C:\Users\june.wu\.m2\repository\org\apache\camel\camel-xml-jaxb\3.18.1\camel-xml-jaxb-3.18.1.jar;C:\Users\june.wu\.m2\repository\jakarta\xml\bind\jakarta.xml.bind-api\2.3.3\jakarta.xml.bind-api-2.3.3.jar;C:\Users\june.wu\.m2\repository\jakarta\activation\jakarta.activation-api\1.2.2\jakarta.activation-api-1.2.2.jar;C:\Users\june.wu\.m2\repository\com\sun\xml\bind\jaxb-core\2.3.0\jaxb-core-2.3.0.jar;C:\Users\june.wu\.m2\repository\com\sun\xml\bind\jaxb-impl\2.3.3\jaxb-impl-2.3.3.jar;C:\Users\june.wu\.m2\repository\com\sun\activation\jakarta.activation\1.2.2\jakarta.activation-1.2.2.jar;C:\Users\june.wu\.m2\repository\org\apache\camel\camel-xml-jaxp\3.18.1\camel-xml-jaxp-3.18.1.jar;C:\Users\june.wu\.m2\repository\org\apache\camel\camel-xml-io-util\3.18.1\camel-xml-io-util-3.18.1.jar;C:\Users\june.wu\.m2\repository\org\apache\camel\camel-jdbc\3.18.1\camel-jdbc-3.18.1.jar;C:\Users\june.wu\.m2\repository\org\apache\camel\camel-support\3.18.1\camel-support-3.18.1.jar;C:\Users\june.wu\.m2\repository\log4j\log4j\1.2.17\log4j-1.2.17.jar;C:\Users\june.wu\.m2\repository\junit\junit\4.11\junit-4.11.jar;C:\Users\june.wu\.m2\repository\org\hamcrest\hamcrest-core\1.3\hamcrest-core-1.3.jar;C:\Users\june.wu\.m2\repository\com\microsoft\sqlserver\mssql-jdbc\11.2.1.jre17\mssql-jdbc-11.2.1.jre17.jar;"/>
    <property name="java.vm.vendor" value="Oracle Corporation"/>
    <property name="sun.arch.data.model" value="64"/>
    <property name="user.variant" value=""/>
    <property name="java.vendor.url" value="https://java.oracle.com/"/>
    <property name="user.timezone" value="Asia/Taipei"/>
    <property name="os.name" value="Windows 10"/>
    <property name="java.vm.specification.version" value="19"/>
    <property name="sun.java.launcher" value="SUN_STANDARD"/>
    <property name="user.country" value="TW"/>
    <property name="sun.boot.library.path" value="C:\Program Files\Java\jdk-19\bin"/>
    <property name="sun.java.command" value="C:\Users\june.wu\AppData\Local\Temp\surefire7212034281021936518\surefirebooter6010146451265357209.jar C:\Users\june.wu\AppData\Local\Temp\surefire7212034281021936518 2022-11-22T10-09-37_135-jvmRun1 surefire2134476602300360037tmp surefire_012097428917488385023tmp"/>
    <property name="jdk.debug" value="release"/>
    <property name="surefire.test.class.path" value="C:\Users\june.wu\Desktop\cameltest\exampleDB\example\target\test-classes;C:\Users\june.wu\Desktop\cameltest\exampleDB\example\target\classes;C:\Users\june.wu\.m2\repository\org\slf4j\slf4j-api\2.0.3\slf4j-api-2.0.3.jar;C:\Users\june.wu\.m2\repository\ch\qos\reload4j\reload4j\1.2.22\reload4j-1.2.22.jar;C:\Users\june.wu\.m2\repository\org\apache\camel\camel-core\3.18.1\camel-core-3.18.1.jar;C:\Users\june.wu\.m2\repository\org\apache\camel\camel-core-engine\3.18.1\camel-core-engine-3.18.1.jar;C:\Users\june.wu\.m2\repository\org\apache\camel\camel-api\3.18.1\camel-api-3.18.1.jar;C:\Users\june.wu\.m2\repository\org\apache\camel\camel-base-engine\3.18.1\camel-base-engine-3.18.1.jar;C:\Users\june.wu\.m2\repository\org\apache\camel\camel-base\3.18.1\camel-base-3.18.1.jar;C:\Users\june.wu\.m2\repository\org\apache\camel\camel-core-reifier\3.18.1\camel-core-reifier-3.18.1.jar;C:\Users\june.wu\.m2\repository\org\apache\camel\camel-core-processor\3.18.1\camel-core-processor-3.18.1.jar;C:\Users\june.wu\.m2\repository\org\apache\camel\camel-management-api\3.18.1\camel-management-api-3.18.1.jar;C:\Users\june.wu\.m2\repository\org\apache\camel\camel-util\3.18.1\camel-util-3.18.1.jar;C:\Users\june.wu\.m2\repository\org\apache\camel\camel-core-languages\3.18.1\camel-core-languages-3.18.1.jar;C:\Users\june.wu\.m2\repository\org\apache\camel\camel-core-model\3.18.1\camel-core-model-3.18.1.jar;C:\Users\june.wu\.m2\repository\org\apache\camel\camel-bean\3.18.1\camel-bean-3.18.1.jar;C:\Users\june.wu\.m2\repository\org\apache\camel\camel-browse\3.18.1\camel-browse-3.18.1.jar;C:\Users\june.wu\.m2\repository\org\apache\camel\camel-cluster\3.18.1\camel-cluster-3.18.1.jar;C:\Users\june.wu\.m2\repository\org\apache\camel\camel-controlbus\3.18.1\camel-controlbus-3.18.1.jar;C:\Users\june.wu\.m2\repository\org\apache\camel\camel-dataformat\3.18.1\camel-dataformat-3.18.1.jar;C:\Users\june.wu\.m2\repository\org\apache\camel\camel-dataset\3.18.1\camel-dataset-3.18.1.jar;C:\Users\june.wu\.m2\repository\org\apache\camel\camel-direct\3.18.1\camel-direct-3.18.1.jar;C:\Users\june.wu\.m2\repository\org\apache\camel\camel-directvm\3.18.1\camel-directvm-3.18.1.jar;C:\Users\june.wu\.m2\repository\org\apache\camel\camel-file\3.18.1\camel-file-3.18.1.jar;C:\Users\june.wu\.m2\repository\org\apache\camel\camel-health\3.18.1\camel-health-3.18.1.jar;C:\Users\june.wu\.m2\repository\org\apache\camel\camel-language\3.18.1\camel-language-3.18.1.jar;C:\Users\june.wu\.m2\repository\org\apache\camel\camel-log\3.18.1\camel-log-3.18.1.jar;C:\Users\june.wu\.m2\repository\org\apache\camel\camel-mock\3.18.1\camel-mock-3.18.1.jar;C:\Users\june.wu\.m2\repository\org\apache\camel\camel-ref\3.18.1\camel-ref-3.18.1.jar;C:\Users\june.wu\.m2\repository\org\apache\camel\camel-rest\3.18.1\camel-rest-3.18.1.jar;C:\Users\june.wu\.m2\repository\org\apache\camel\camel-tooling-model\3.18.1\camel-tooling-model-3.18.1.jar;C:\Users\june.wu\.m2\repository\org\apache\camel\camel-util-json\3.18.1\camel-util-json-3.18.1.jar;C:\Users\june.wu\.m2\repository\org\apache\camel\camel-saga\3.18.1\camel-saga-3.18.1.jar;C:\Users\june.wu\.m2\repository\org\apache\camel\camel-scheduler\3.18.1\camel-scheduler-3.18.1.jar;C:\Users\june.wu\.m2\repository\org\apache\camel\camel-seda\3.18.1\camel-seda-3.18.1.jar;C:\Users\june.wu\.m2\repository\org\apache\camel\camel-stub\3.18.1\camel-stub-3.18.1.jar;C:\Users\june.wu\.m2\repository\org\apache\camel\camel-timer\3.18.1\camel-timer-3.18.1.jar;C:\Users\june.wu\.m2\repository\org\apache\camel\camel-validator\3.18.1\camel-validator-3.18.1.jar;C:\Users\june.wu\.m2\repository\org\apache\camel\camel-vm\3.18.1\camel-vm-3.18.1.jar;C:\Users\june.wu\.m2\repository\org\apache\camel\camel-xpath\3.18.1\camel-xpath-3.18.1.jar;C:\Users\june.wu\.m2\repository\org\apache\camel\camel-xslt\3.18.1\camel-xslt-3.18.1.jar;C:\Users\june.wu\.m2\repository\org\apache\camel\camel-xml-jaxb\3.18.1\camel-xml-jaxb-3.18.1.jar;C:\Users\june.wu\.m2\repository\jakarta\xml\bind\jakarta.xml.bind-api\2.3.3\jakarta.xml.bind-api-2.3.3.jar;C:\Users\june.wu\.m2\repository\jakarta\activation\jakarta.activation-api\1.2.2\jakarta.activation-api-1.2.2.jar;C:\Users\june.wu\.m2\repository\com\sun\xml\bind\jaxb-core\2.3.0\jaxb-core-2.3.0.jar;C:\Users\june.wu\.m2\repository\com\sun\xml\bind\jaxb-impl\2.3.3\jaxb-impl-2.3.3.jar;C:\Users\june.wu\.m2\repository\com\sun\activation\jakarta.activation\1.2.2\jakarta.activation-1.2.2.jar;C:\Users\june.wu\.m2\repository\org\apache\camel\camel-xml-jaxp\3.18.1\camel-xml-jaxp-3.18.1.jar;C:\Users\june.wu\.m2\repository\org\apache\camel\camel-xml-io-util\3.18.1\camel-xml-io-util-3.18.1.jar;C:\Users\june.wu\.m2\repository\org\apache\camel\camel-jdbc\3.18.1\camel-jdbc-3.18.1.jar;C:\Users\june.wu\.m2\repository\org\apache\camel\camel-support\3.18.1\camel-support-3.18.1.jar;C:\Users\june.wu\.m2\repository\log4j\log4j\1.2.17\log4j-1.2.17.jar;C:\Users\june.wu\.m2\repository\junit\junit\4.11\junit-4.11.jar;C:\Users\june.wu\.m2\repository\org\hamcrest\hamcrest-core\1.3\hamcrest-core-1.3.jar;C:\Users\june.wu\.m2\repository\com\microsoft\sqlserver\mssql-jdbc\11.2.1.jre17\mssql-jdbc-11.2.1.jre17.jar;"/>
    <property name="sun.cpu.endian" value="little"/>
    <property name="user.home" value="C:\Users\june.wu"/>
    <property name="user.language" value="zh"/>
    <property name="java.specification.vendor" value="Oracle Corporation"/>
    <property name="java.version.date" value="2022-10-18"/>
    <property name="java.home" value="C:\Program Files\Java\jdk-19"/>
    <property name="file.separator" value="\"/>
    <property name="basedir" value="C:\Users\june.wu\Desktop\cameltest\exampleDB\example"/>
    <property name="java.vm.compressedOopsMode" value="Zero based"/>
    <property name="line.separator" value="&#10;"/>
    <property name="java.vm.specification.vendor" value="Oracle Corporation"/>
    <property name="java.specification.name" value="Java Platform API Specification"/>
    <property name="surefire.real.class.path" value="C:\Users\june.wu\AppData\Local\Temp\surefire7212034281021936518\surefirebooter6010146451265357209.jar"/>
    <property name="user.script" value=""/>
    <property name="sun.management.compiler" value="HotSpot 64-Bit Tiered Compilers"/>
    <property name="java.runtime.version" value="19.0.1+10-21"/>
    <property name="user.name" value="June.Wu"/>
    <property name="stdout.encoding" value="Cp1252"/>
    <property name="path.separator" value=";"/>
    <property name="os.version" value="10.0"/>
    <property name="java.runtime.name" value="Java(TM) SE Runtime Environment"/>
    <property name="file.encoding" value="UTF-8"/>
    <property name="java.vm.name" value="Java HotSpot(TM) 64-Bit Server VM"/>
    <property name="localRepository" value="C:\Users\june.wu\.m2\repository"/>
    <property name="java.vendor.url.bug" value="https://bugreport.java.com/bugreport/"/>
    <property name="java.io.tmpdir" value="C:\Users\june.wu\AppData\Local\Temp\"/>
    <property name="java.version" value="19.0.1"/>
    <property name="user.dir" value="C:\Users\june.wu\Desktop\cameltest\exampleDB\example"/>
    <property name="os.arch" value="amd64"/>
    <property name="java.vm.specification.name" value="Java Virtual Machine Specification"/>
    <property name="sun.os.patch.level" value=""/>
    <property name="native.encoding" value="Cp1252"/>
    <property name="java.library.path" value="C:\Program Files\Java\jdk-19\bin;C:\WINDOWS\Sun\Java\bin;C:\WINDOWS\system32;C:\WINDOWS;C:\Program Files\Eclipse Adoptium\jdk-17.0.5.8-hotspot\bin;C:\Program Files\Eclipse Adoptium\jdk-11.0.17.8-hotspot\bin;C:\Program Files\Common Files\Oracle\Java\javapath;C:\Program Files\Eclipse Adoptium\jdk-8.0.352.8-hotspot\bin;C:\WINDOWS\system32;C:\WINDOWS;C:\WINDOWS\System32\Wbem;C:\WINDOWS\System32\WindowsPowerShell\v1.0\;C:\WINDOWS\System32\OpenSSH\;C:\Program Files\dotnet\;C:\Program Files\Microsoft SQL Server\130\Tools\Binn\;C:\Program Files\nodejs\;C:\Program Files (x86)\Microsoft SQL Server\150\DTS\Binn\;C:\Program Files\Azure Data Studio\bin;C:\Program Files\Git\cmd;C:\Program Files\Microsoft SQL Server\Client SDK\ODBC\170\Tools\Binn\;C:\Program Files (x86)\Microsoft SQL Server\150\Tools\Binn\;C:\Program Files\Microsoft SQL Server\150\Tools\Binn\;C:\Program Files\Microsoft SQL Server\150\DTS\Binn\;C:\Program Files (x86)\dotnet\;C:\Program Files\apache-maven-3.8.6-bin\apache-maven-3.8.6\bin;C:\Program Files\Java\jdk-19\bin;C:\Users\june.wu\.jbang\bin;C:\Users\june.wu\AppData\Local\Programs\Python\Python310\Scripts\;C:\Users\june.wu\AppData\Local\Programs\Python\Python310\;C:\Users\june.wu\scoop\shims;C:\Users\june.wu\AppData\Local\Microsoft\WindowsApps;C:\Users\june.wu\.dotnet\tools;C:\Users\june.wu\AppData\Roaming\npm;C:\Users\june.wu\node_modules\hugo\bin;C:\Users\june.wu\scoop\apps\hugo\0.88.1;C:\Users\june.wu\AppData\Local\GitHubDesktop\bin;C:\Users\june.wu\ffmpeg\bin;C:\Users\june.wu\.dotnet\tools;C:\Users\june.wu\flutter\bin;C:\WINDOWS\system32;C:\Gradle\gradle-7.4.2\bin;C:\Users\june.wu\AppData\Local\Programs\Microsoft VS Code\bin;."/>
    <property name="java.vm.info" value="mixed mode, sharing"/>
    <property name="stderr.encoding" value="Cp1252"/>
    <property name="java.vendor" value="Oracle Corporation"/>
    <property name="java.vm.version" value="19.0.1+10-21"/>
    <property name="sun.io.unicode.encoding" value="UnicodeLittle"/>
    <property name="java.class.version" value="63.0"/>
  </properties>
  <testcase name="shouldAnswerWithTrue" classname="test.example.AppTest" time="0.005"/>
</testsuite>